  stdafx.cpp
  gameNode.cpp
C:\Users\zlzlf\OneDrive\문서\GitHub\Kyungil\20210503_0 - 탄막슈팅게임 2인용 제작용 프로젝트 파일(완성210506)\20210503_0 - 탄막슈팅게임 2인용 제작용 프로젝트 파일 - 복사본\gameNode.cpp(70,36): warning C4244: '=': 'float'에서 'LONG'(으)로 변환하면서 데이터가 손실될 수 있습니다.
C:\Users\zlzlf\OneDrive\문서\GitHub\Kyungil\20210503_0 - 탄막슈팅게임 2인용 제작용 프로젝트 파일(완성210506)\20210503_0 - 탄막슈팅게임 2인용 제작용 프로젝트 파일 - 복사본\gameNode.cpp(71,36): warning C4244: '=': 'float'에서 'LONG'(으)로 변환하면서 데이터가 손실될 수 있습니다.
  image.cpp
  keyManager.cpp
  playGround.cpp
C:\Users\zlzlf\OneDrive\문서\GitHub\Kyungil\20210503_0 - 탄막슈팅게임 2인용 제작용 프로젝트 파일(완성210506)\20210503_0 - 탄막슈팅게임 2인용 제작용 프로젝트 파일 - 복사본\playGround.cpp(258,28): warning C4244: '-=': 'float'에서 'LONG'(으)로 변환하면서 데이터가 손실될 수 있습니다.
C:\Users\zlzlf\OneDrive\문서\GitHub\Kyungil\20210503_0 - 탄막슈팅게임 2인용 제작용 프로젝트 파일(완성210506)\20210503_0 - 탄막슈팅게임 2인용 제작용 프로젝트 파일 - 복사본\playGround.cpp(259,31): warning C4244: '-=': 'float'에서 'LONG'(으)로 변환하면서 데이터가 손실될 수 있습니다.
C:\Users\zlzlf\OneDrive\문서\GitHub\Kyungil\20210503_0 - 탄막슈팅게임 2인용 제작용 프로젝트 파일(완성210506)\20210503_0 - 탄막슈팅게임 2인용 제작용 프로젝트 파일 - 복사본\playGround.cpp(263,28): warning C4244: '+=': 'float'에서 'LONG'(으)로 변환하면서 데이터가 손실될 수 있습니다.
C:\Users\zlzlf\OneDrive\문서\GitHub\Kyungil\20210503_0 - 탄막슈팅게임 2인용 제작용 프로젝트 파일(완성210506)\20210503_0 - 탄막슈팅게임 2인용 제작용 프로젝트 파일 - 복사본\playGround.cpp(264,31): warning C4244: '+=': 'float'에서 'LONG'(으)로 변환하면서 데이터가 손실될 수 있습니다.
C:\Users\zlzlf\OneDrive\문서\GitHub\Kyungil\20210503_0 - 탄막슈팅게임 2인용 제작용 프로젝트 파일(완성210506)\20210503_0 - 탄막슈팅게임 2인용 제작용 프로젝트 파일 - 복사본\playGround.cpp(271,35): warning C4244: '=': 'int'에서 'float'(으)로 변환하면서 데이터가 손실될 수 있습니다.
C:\Users\zlzlf\OneDrive\문서\GitHub\Kyungil\20210503_0 - 탄막슈팅게임 2인용 제작용 프로젝트 파일(완성210506)\20210503_0 - 탄막슈팅게임 2인용 제작용 프로젝트 파일 - 복사본\playGround.cpp(277,35): warning C4244: '=': 'int'에서 'float'(으)로 변환하면서 데이터가 손실될 수 있습니다.
C:\Users\zlzlf\OneDrive\문서\GitHub\Kyungil\20210503_0 - 탄막슈팅게임 2인용 제작용 프로젝트 파일(완성210506)\20210503_0 - 탄막슈팅게임 2인용 제작용 프로젝트 파일 - 복사본\playGround.cpp(389,76): warning C4267: '인수': 'size_t'에서 'int'(으)로 변환하면서 데이터가 손실될 수 있습니다.
C:\Users\zlzlf\OneDrive\문서\GitHub\Kyungil\20210503_0 - 탄막슈팅게임 2인용 제작용 프로젝트 파일(완성210506)\20210503_0 - 탄막슈팅게임 2인용 제작용 프로젝트 파일 - 복사본\playGround.cpp(390,71): warning C4267: '인수': 'size_t'에서 'int'(으)로 변환하면서 데이터가 손실될 수 있습니다.
C:\Users\zlzlf\OneDrive\문서\GitHub\Kyungil\20210503_0 - 탄막슈팅게임 2인용 제작용 프로젝트 파일(완성210506)\20210503_0 - 탄막슈팅게임 2인용 제작용 프로젝트 파일 - 복사본\playGround.cpp(391,76): warning C4267: '인수': 'size_t'에서 'int'(으)로 변환하면서 데이터가 손실될 수 있습니다.
C:\Users\zlzlf\OneDrive\문서\GitHub\Kyungil\20210503_0 - 탄막슈팅게임 2인용 제작용 프로젝트 파일(완성210506)\20210503_0 - 탄막슈팅게임 2인용 제작용 프로젝트 파일 - 복사본\playGround.cpp(407,66): warning C4267: '인수': 'size_t'에서 'int'(으)로 변환하면서 데이터가 손실될 수 있습니다.
C:\Users\zlzlf\OneDrive\문서\GitHub\Kyungil\20210503_0 - 탄막슈팅게임 2인용 제작용 프로젝트 파일(완성210506)\20210503_0 - 탄막슈팅게임 2인용 제작용 프로젝트 파일 - 복사본\playGround.cpp(431,71): warning C4267: '인수': 'size_t'에서 'int'(으)로 변환하면서 데이터가 손실될 수 있습니다.
C:\Users\zlzlf\OneDrive\문서\GitHub\Kyungil\20210503_0 - 탄막슈팅게임 2인용 제작용 프로젝트 파일(완성210506)\20210503_0 - 탄막슈팅게임 2인용 제작용 프로젝트 파일 - 복사본\playGround.cpp(447,78): warning C4267: '인수': 'size_t'에서 'int'(으)로 변환하면서 데이터가 손실될 수 있습니다.
C:\Users\zlzlf\OneDrive\문서\GitHub\Kyungil\20210503_0 - 탄막슈팅게임 2인용 제작용 프로젝트 파일(완성210506)\20210503_0 - 탄막슈팅게임 2인용 제작용 프로젝트 파일 - 복사본\playGround.cpp(448,78): warning C4267: '인수': 'size_t'에서 'int'(으)로 변환하면서 데이터가 손실될 수 있습니다.
C:\Users\zlzlf\OneDrive\문서\GitHub\Kyungil\20210503_0 - 탄막슈팅게임 2인용 제작용 프로젝트 파일(완성210506)\20210503_0 - 탄막슈팅게임 2인용 제작용 프로젝트 파일 - 복사본\playGround.cpp(664,32): warning C4244: '-=': 'double'에서 'int'(으)로 변환하면서 데이터가 손실될 수 있습니다.
C:\Users\zlzlf\OneDrive\문서\GitHub\Kyungil\20210503_0 - 탄막슈팅게임 2인용 제작용 프로젝트 파일(완성210506)\20210503_0 - 탄막슈팅게임 2인용 제작용 프로젝트 파일 - 복사본\playGround.cpp(670,32): warning C4244: '+=': 'double'에서 'int'(으)로 변환하면서 데이터가 손실될 수 있습니다.
C:\Users\zlzlf\OneDrive\문서\GitHub\Kyungil\20210503_0 - 탄막슈팅게임 2인용 제작용 프로젝트 파일(완성210506)\20210503_0 - 탄막슈팅게임 2인용 제작용 프로젝트 파일 - 복사본\playGround.cpp(716,32): warning C4244: '-=': 'double'에서 'int'(으)로 변환하면서 데이터가 손실될 수 있습니다.
C:\Users\zlzlf\OneDrive\문서\GitHub\Kyungil\20210503_0 - 탄막슈팅게임 2인용 제작용 프로젝트 파일(완성210506)\20210503_0 - 탄막슈팅게임 2인용 제작용 프로젝트 파일 - 복사본\playGround.cpp(722,32): warning C4244: '+=': 'double'에서 'int'(으)로 변환하면서 데이터가 손실될 수 있습니다.
  winMain.cpp
C:\Users\zlzlf\OneDrive\문서\GitHub\Kyungil\20210503_0 - 탄막슈팅게임 2인용 제작용 프로젝트 파일(완성210506)\20210503_0 - 탄막슈팅게임 2인용 제작용 프로젝트 파일 - 복사본\winMain.cpp(75,16): warning C4244: 'return': 'WPARAM'에서 'int'(으)로 변환하면서 데이터가 손실될 수 있습니다.
  코드를 생성하고 있습니다...
  windowAPI.vcxproj -> C:\Users\zlzlf\OneDrive\문서\GitHub\Kyungil\20210503_0 - 탄막슈팅게임 2인용 제작용 프로젝트 파일(완성210506)\20210503_0 - 탄막슈팅게임 2인용 제작용 프로젝트 파일 - 복사본\x64\Debug\windowAPI.exe
