c:\users\zlzlf\onedrive\문서\github\kyungil\windowapi\x64\debug\vc142.pdb
c:\users\zlzlf\onedrive\문서\github\kyungil\windowapi\x64\debug\vc142.idb
c:\users\zlzlf\onedrive\문서\github\kyungil\windowapi\x64\debug\stdafx.obj
c:\users\zlzlf\onedrive\문서\github\kyungil\windowapi\x64\debug\210423 api.obj
c:\users\zlzlf\onedrive\문서\github\kyungil\windowapi\x64\debug\210426 api.obj
c:\users\zlzlf\onedrive\문서\github\kyungil\windowapi\x64\debug\210426 api2.obj
c:\users\zlzlf\onedrive\문서\github\kyungil\x64\debug\windowapi.exe
c:\users\zlzlf\onedrive\문서\github\kyungil\x64\debug\windowapi.ilk
c:\users\zlzlf\onedrive\문서\github\kyungil\x64\debug\windowapi.pdb
c:\users\zlzlf\onedrive\문서\github\kyungil\windowapi\x64\debug\windowapi.res
c:\users\zlzlf\onedrive\문서\github\kyungil\windowapi\x64\debug\windowapi.obj
c:\users\zlzlf\onedrive\문서\github\kyungil\windowapi\x64\debug\windowapi.tlog\cl.command.1.tlog
c:\users\zlzlf\onedrive\문서\github\kyungil\windowapi\x64\debug\windowapi.tlog\cl.read.1.tlog
c:\users\zlzlf\onedrive\문서\github\kyungil\windowapi\x64\debug\windowapi.tlog\cl.write.1.tlog
c:\users\zlzlf\onedrive\문서\github\kyungil\windowapi\x64\debug\windowapi.tlog\link.command.1.tlog
c:\users\zlzlf\onedrive\문서\github\kyungil\windowapi\x64\debug\windowapi.tlog\link.read.1.tlog
c:\users\zlzlf\onedrive\문서\github\kyungil\windowapi\x64\debug\windowapi.tlog\link.write.1.tlog
c:\users\zlzlf\onedrive\문서\github\kyungil\windowapi\x64\debug\windowapi.tlog\rc.command.1.tlog
c:\users\zlzlf\onedrive\문서\github\kyungil\windowapi\x64\debug\windowapi.tlog\rc.read.1.tlog
c:\users\zlzlf\onedrive\문서\github\kyungil\windowapi\x64\debug\windowapi.tlog\rc.write.1.tlog
