  210428 API Class.cpp
C:\Users\zlzlf\OneDrive\문서\GitHub\Kyungil\WindowAPI\210428 API Class.cpp(65,16): warning C4244: 'return': 'WPARAM'에서 'int'(으)로 변환하면서 데이터가 손실될 수 있습니다.
  playGround.cpp
C:\Users\zlzlf\OneDrive\문서\GitHub\Kyungil\WindowAPI\playGround.cpp(40,31): warning C4244: '인수': 'float'에서 'int'(으)로 변환하면서 데이터가 손실될 수 있습니다.
C:\Users\zlzlf\OneDrive\문서\GitHub\Kyungil\WindowAPI\playGround.cpp(40,27): warning C4244: '인수': 'float'에서 'int'(으)로 변환하면서 데이터가 손실될 수 있습니다.
C:\Users\zlzlf\OneDrive\문서\GitHub\Kyungil\WindowAPI\playGround.cpp(47,11): error C2676: 이항 '[': 'RECT'이(가) 이 연산자를 정의하지 않거나 미리 정의된 연산자에 허용되는 형식으로의 변환을 정의하지 않습니다.
C:\Users\zlzlf\OneDrive\문서\GitHub\Kyungil\WindowAPI\playGround.cpp(51,11): error C2676: 이항 '[': 'RECT'이(가) 이 연산자를 정의하지 않거나 미리 정의된 연산자에 허용되는 형식으로의 변환을 정의하지 않습니다.
C:\Users\zlzlf\OneDrive\문서\GitHub\Kyungil\WindowAPI\playGround.cpp(55,11): error C2676: 이항 '[': 'RECT'이(가) 이 연산자를 정의하지 않거나 미리 정의된 연산자에 허용되는 형식으로의 변환을 정의하지 않습니다.
C:\Users\zlzlf\OneDrive\문서\GitHub\Kyungil\WindowAPI\playGround.cpp(58,33): warning C4244: '=': 'int'에서 'float'(으)로 변환하면서 데이터가 손실될 수 있습니다.
C:\Users\zlzlf\OneDrive\문서\GitHub\Kyungil\WindowAPI\playGround.cpp(160,12): error C2676: 이항 '[': 'RECT'이(가) 이 연산자를 정의하지 않거나 미리 정의된 연산자에 허용되는 형식으로의 변환을 정의하지 않습니다.
C:\Users\zlzlf\OneDrive\문서\GitHub\Kyungil\WindowAPI\playGround.cpp(161,12): error C2676: 이항 '[': 'RECT'이(가) 이 연산자를 정의하지 않거나 미리 정의된 연산자에 허용되는 형식으로의 변환을 정의하지 않습니다.
C:\Users\zlzlf\OneDrive\문서\GitHub\Kyungil\WindowAPI\playGround.cpp(164,48): error C2676: 이항 '[': 'RECT'이(가) 이 연산자를 정의하지 않거나 미리 정의된 연산자에 허용되는 형식으로의 변환을 정의하지 않습니다.
C:\Users\zlzlf\OneDrive\문서\GitHub\Kyungil\WindowAPI\playGround.cpp(164,7): error C2660: 'IntersectRect': 함수는 2개의 인수를 사용하지 않습니다.
C:\Program Files (x86)\Windows Kits\10\Include\10.0.18362.0\um\winuser.h(9698,1): message : 'IntersectRect' 선언을 참조하십시오.
C:\Users\zlzlf\OneDrive\문서\GitHub\Kyungil\WindowAPI\playGround.cpp(169,16): error C2676: 이항 '[': 'RECT'이(가) 이 연산자를 정의하지 않거나 미리 정의된 연산자에 허용되는 형식으로의 변환을 정의하지 않습니다.
C:\Users\zlzlf\OneDrive\문서\GitHub\Kyungil\WindowAPI\playGround.cpp(171,13): error C2676: 이항 '[': 'RECT'이(가) 이 연산자를 정의하지 않거나 미리 정의된 연산자에 허용되는 형식으로의 변환을 정의하지 않습니다.
C:\Users\zlzlf\OneDrive\문서\GitHub\Kyungil\WindowAPI\playGround.cpp(180,12): error C2676: 이항 '[': 'RECT'이(가) 이 연산자를 정의하지 않거나 미리 정의된 연산자에 허용되는 형식으로의 변환을 정의하지 않습니다.
C:\Users\zlzlf\OneDrive\문서\GitHub\Kyungil\WindowAPI\playGround.cpp(181,12): error C2676: 이항 '[': 'RECT'이(가) 이 연산자를 정의하지 않거나 미리 정의된 연산자에 허용되는 형식으로의 변환을 정의하지 않습니다.
C:\Users\zlzlf\OneDrive\문서\GitHub\Kyungil\WindowAPI\playGround.cpp(184,16): error C2676: 이항 '[': 'RECT'이(가) 이 연산자를 정의하지 않거나 미리 정의된 연산자에 허용되는 형식으로의 변환을 정의하지 않습니다.
C:\Users\zlzlf\OneDrive\문서\GitHub\Kyungil\WindowAPI\playGround.cpp(186,13): error C2676: 이항 '[': 'RECT'이(가) 이 연산자를 정의하지 않거나 미리 정의된 연산자에 허용되는 형식으로의 변환을 정의하지 않습니다.
C:\Users\zlzlf\OneDrive\문서\GitHub\Kyungil\WindowAPI\playGround.cpp(190,48): error C2676: 이항 '[': 'RECT'이(가) 이 연산자를 정의하지 않거나 미리 정의된 연산자에 허용되는 형식으로의 변환을 정의하지 않습니다.
C:\Users\zlzlf\OneDrive\문서\GitHub\Kyungil\WindowAPI\playGround.cpp(190,7): error C2660: 'IntersectRect': 함수는 2개의 인수를 사용하지 않습니다.
C:\Program Files (x86)\Windows Kits\10\Include\10.0.18362.0\um\winuser.h(9698,1): message : 'IntersectRect' 선언을 참조하십시오.
C:\Users\zlzlf\OneDrive\문서\GitHub\Kyungil\WindowAPI\playGround.cpp(198,12): error C2676: 이항 '[': 'RECT'이(가) 이 연산자를 정의하지 않거나 미리 정의된 연산자에 허용되는 형식으로의 변환을 정의하지 않습니다.
C:\Users\zlzlf\OneDrive\문서\GitHub\Kyungil\WindowAPI\playGround.cpp(199,12): error C2676: 이항 '[': 'RECT'이(가) 이 연산자를 정의하지 않거나 미리 정의된 연산자에 허용되는 형식으로의 변환을 정의하지 않습니다.
C:\Users\zlzlf\OneDrive\문서\GitHub\Kyungil\WindowAPI\playGround.cpp(202,16): error C2676: 이항 '[': 'RECT'이(가) 이 연산자를 정의하지 않거나 미리 정의된 연산자에 허용되는 형식으로의 변환을 정의하지 않습니다.
C:\Users\zlzlf\OneDrive\문서\GitHub\Kyungil\WindowAPI\playGround.cpp(204,13): error C2676: 이항 '[': 'RECT'이(가) 이 연산자를 정의하지 않거나 미리 정의된 연산자에 허용되는 형식으로의 변환을 정의하지 않습니다.
C:\Users\zlzlf\OneDrive\문서\GitHub\Kyungil\WindowAPI\playGround.cpp(208,48): error C2676: 이항 '[': 'RECT'이(가) 이 연산자를 정의하지 않거나 미리 정의된 연산자에 허용되는 형식으로의 변환을 정의하지 않습니다.
C:\Users\zlzlf\OneDrive\문서\GitHub\Kyungil\WindowAPI\playGround.cpp(208,7): error C2660: 'IntersectRect': 함수는 2개의 인수를 사용하지 않습니다.
C:\Program Files (x86)\Windows Kits\10\Include\10.0.18362.0\um\winuser.h(9698,1): message : 'IntersectRect' 선언을 참조하십시오.
C:\Users\zlzlf\OneDrive\문서\GitHub\Kyungil\WindowAPI\playGround.cpp(214,31): warning C4244: '인수': 'float'에서 'int'(으)로 변환하면서 데이터가 손실될 수 있습니다.
C:\Users\zlzlf\OneDrive\문서\GitHub\Kyungil\WindowAPI\playGround.cpp(214,27): warning C4244: '인수': 'float'에서 'int'(으)로 변환하면서 데이터가 손실될 수 있습니다.
C:\Users\zlzlf\OneDrive\문서\GitHub\Kyungil\WindowAPI\playGround.cpp(244,44): warning C4267: '인수': 'size_t'에서 'int'(으)로 변환하면서 데이터가 손실될 수 있습니다.
C:\Users\zlzlf\OneDrive\문서\GitHub\Kyungil\WindowAPI\playGround.cpp(249,39): warning C4267: '인수': 'size_t'에서 'int'(으)로 변환하면서 데이터가 손실될 수 있습니다.
C:\Users\zlzlf\OneDrive\문서\GitHub\Kyungil\WindowAPI\playGround.cpp(255,26): error C2676: 이항 '[': 'RECT'이(가) 이 연산자를 정의하지 않거나 미리 정의된 연산자에 허용되는 형식으로의 변환을 정의하지 않습니다.
C:\Users\zlzlf\OneDrive\문서\GitHub\Kyungil\WindowAPI\playGround.cpp(255,27): error C2661: 'Rectangle': 오버로드된 함수에서 1개의 인수를 사용하지 않습니다.
C:\Users\zlzlf\OneDrive\문서\GitHub\Kyungil\WindowAPI\playGround.cpp(256,26): error C2676: 이항 '[': 'RECT'이(가) 이 연산자를 정의하지 않거나 미리 정의된 연산자에 허용되는 형식으로의 변환을 정의하지 않습니다.
C:\Users\zlzlf\OneDrive\문서\GitHub\Kyungil\WindowAPI\playGround.cpp(256,27): error C2661: 'Rectangle': 오버로드된 함수에서 1개의 인수를 사용하지 않습니다.
C:\Users\zlzlf\OneDrive\문서\GitHub\Kyungil\WindowAPI\playGround.cpp(257,26): error C2676: 이항 '[': 'RECT'이(가) 이 연산자를 정의하지 않거나 미리 정의된 연산자에 허용되는 형식으로의 변환을 정의하지 않습니다.
C:\Users\zlzlf\OneDrive\문서\GitHub\Kyungil\WindowAPI\playGround.cpp(257,27): error C2661: 'Rectangle': 오버로드된 함수에서 1개의 인수를 사용하지 않습니다.
  코드를 생성하고 있습니다...
