  stdafx.cpp
  gameNode.cpp
C:\Users\zlzlf\OneDrive\문서\GitHub\Kyungil\20210510_2 - [수업자료]\gameNode.cpp(70,36): warning C4244: '=': 'float'에서 'LONG'(으)로 변환하면서 데이터가 손실될 수 있습니다.
C:\Users\zlzlf\OneDrive\문서\GitHub\Kyungil\20210510_2 - [수업자료]\gameNode.cpp(71,36): warning C4244: '=': 'float'에서 'LONG'(으)로 변환하면서 데이터가 손실될 수 있습니다.
  image.cpp
  keyManager.cpp
  playGround.cpp
C:\Users\zlzlf\OneDrive\문서\GitHub\Kyungil\20210510_2 - [수업자료]\playGround.h(4,1): warning C4005: 'PI': 매크로 재정의
C:\Users\zlzlf\OneDrive\문서\GitHub\Kyungil\20210510_2 - [수업자료]\utils.h(2): message : 'PI'의 이전 정의를 참조하십시오.
C:\Users\zlzlf\OneDrive\문서\GitHub\Kyungil\20210510_2 - [수업자료]\playGround.cpp(58,61): warning C4244: '=': 'float'에서 'LONG'(으)로 변환하면서 데이터가 손실될 수 있습니다.
C:\Users\zlzlf\OneDrive\문서\GitHub\Kyungil\20210510_2 - [수업자료]\playGround.cpp(59,62): warning C4244: '=': 'float'에서 'LONG'(으)로 변환하면서 데이터가 손실될 수 있습니다.
C:\Users\zlzlf\OneDrive\문서\GitHub\Kyungil\20210510_2 - [수업자료]\playGround.cpp(79,98): warning C4244: '인수': 'float'에서 'int'(으)로 변환하면서 데이터가 손실될 수 있습니다.
C:\Users\zlzlf\OneDrive\문서\GitHub\Kyungil\20210510_2 - [수업자료]\playGround.cpp(79,75): warning C4244: '인수': 'float'에서 'int'(으)로 변환하면서 데이터가 손실될 수 있습니다.
C:\Users\zlzlf\OneDrive\문서\GitHub\Kyungil\20210510_2 - [수업자료]\playGround.cpp(79,53): warning C4244: '인수': 'float'에서 'int'(으)로 변환하면서 데이터가 손실될 수 있습니다.
C:\Users\zlzlf\OneDrive\문서\GitHub\Kyungil\20210510_2 - [수업자료]\playGround.cpp(79,39): warning C4244: '인수': 'float'에서 'int'(으)로 변환하면서 데이터가 손실될 수 있습니다.
  utils.cpp
  winMain.cpp
C:\Users\zlzlf\OneDrive\문서\GitHub\Kyungil\20210510_2 - [수업자료]\playGround.h(4,1): warning C4005: 'PI': 매크로 재정의
C:\Users\zlzlf\OneDrive\문서\GitHub\Kyungil\20210510_2 - [수업자료]\utils.h(2): message : 'PI'의 이전 정의를 참조하십시오.
C:\Users\zlzlf\OneDrive\문서\GitHub\Kyungil\20210510_2 - [수업자료]\winMain.cpp(75,16): warning C4244: 'return': 'WPARAM'에서 'int'(으)로 변환하면서 데이터가 손실될 수 있습니다.
  코드를 생성하고 있습니다...
  windowAPI.vcxproj -> C:\Users\zlzlf\OneDrive\문서\GitHub\Kyungil\20210510_2 - [수업자료]\x64\Debug\windowAPI.exe
