c:\users\zlzlf\onedrive\바탕 화면\경일\원본 수업자료\210512 26. 이미지\20210512_1\x64\debug\windowapi.pch
c:\users\zlzlf\onedrive\바탕 화면\경일\원본 수업자료\210512 26. 이미지\20210512_1\x64\debug\vc142.pdb
c:\users\zlzlf\onedrive\바탕 화면\경일\원본 수업자료\210512 26. 이미지\20210512_1\x64\debug\vc142.idb
c:\users\zlzlf\onedrive\바탕 화면\경일\원본 수업자료\210512 26. 이미지\20210512_1\x64\debug\stdafx.obj
c:\users\zlzlf\onedrive\바탕 화면\경일\원본 수업자료\210512 26. 이미지\20210512_1\x64\debug\winmain.obj
c:\users\zlzlf\onedrive\바탕 화면\경일\원본 수업자료\210512 26. 이미지\20210512_1\x64\debug\utils.obj
c:\users\zlzlf\onedrive\바탕 화면\경일\원본 수업자료\210512 26. 이미지\20210512_1\x64\debug\playground.obj
c:\users\zlzlf\onedrive\바탕 화면\경일\원본 수업자료\210512 26. 이미지\20210512_1\x64\debug\keymanager.obj
c:\users\zlzlf\onedrive\바탕 화면\경일\원본 수업자료\210512 26. 이미지\20210512_1\x64\debug\image.obj
c:\users\zlzlf\onedrive\바탕 화면\경일\원본 수업자료\210512 26. 이미지\20210512_1\x64\debug\gamenode.obj
c:\users\zlzlf\onedrive\바탕 화면\20210512_1 플래피버드\x64\debug\windowapi.pch
c:\users\zlzlf\onedrive\바탕 화면\20210512_1 플래피버드\x64\debug\vc142.pdb
c:\users\zlzlf\onedrive\바탕 화면\20210512_1 플래피버드\x64\debug\vc142.idb
c:\users\zlzlf\onedrive\바탕 화면\20210512_1 플래피버드\x64\debug\stdafx.obj
c:\users\zlzlf\onedrive\바탕 화면\20210512_1 플래피버드\x64\debug\winmain.obj
c:\users\zlzlf\onedrive\바탕 화면\20210512_1 플래피버드\x64\debug\utils.obj
c:\users\zlzlf\onedrive\바탕 화면\20210512_1 플래피버드\x64\debug\playground.obj
c:\users\zlzlf\onedrive\바탕 화면\20210512_1 플래피버드\x64\debug\keymanager.obj
c:\users\zlzlf\onedrive\바탕 화면\20210512_1 플래피버드\x64\debug\image.obj
c:\users\zlzlf\onedrive\바탕 화면\20210512_1 플래피버드\x64\debug\gamenode.obj
c:\users\zlzlf\onedrive\바탕 화면\경일\원본 수업자료\210512 26. 이미지\20210512_1\x64\debug\windowapi.exe
c:\users\zlzlf\onedrive\바탕 화면\경일\원본 수업자료\210512 26. 이미지\20210512_1\x64\debug\windowapi.ilk
c:\users\zlzlf\onedrive\바탕 화면\경일\원본 수업자료\210512 26. 이미지\20210512_1\x64\debug\windowapi.pdb
c:\users\zlzlf\onedrive\바탕 화면\20210512_1 플래피버드\x64\debug\windowapi.exe
c:\users\zlzlf\onedrive\바탕 화면\20210512_1 플래피버드\x64\debug\windowapi.ilk
c:\users\zlzlf\onedrive\바탕 화면\20210512_1 플래피버드\x64\debug\windowapi.pdb
c:\users\zlzlf\onedrive\바탕 화면\경일\원본 수업자료\210512 26. 이미지\20210512_1\x64\debug\windowapi.res
c:\users\zlzlf\onedrive\바탕 화면\20210512_1 플래피버드\x64\debug\windowapi.res
c:\users\zlzlf\onedrive\바탕 화면\20210512_1 플래피버드\x64\debug\windowapi.tlog\cl.command.1.tlog
c:\users\zlzlf\onedrive\바탕 화면\20210512_1 플래피버드\x64\debug\windowapi.tlog\cl.read.1.tlog
c:\users\zlzlf\onedrive\바탕 화면\20210512_1 플래피버드\x64\debug\windowapi.tlog\cl.write.1.tlog
c:\users\zlzlf\onedrive\바탕 화면\20210512_1 플래피버드\x64\debug\windowapi.tlog\link.command.1.tlog
c:\users\zlzlf\onedrive\바탕 화면\20210512_1 플래피버드\x64\debug\windowapi.tlog\link.read.1.tlog
c:\users\zlzlf\onedrive\바탕 화면\20210512_1 플래피버드\x64\debug\windowapi.tlog\link.write.1.tlog
c:\users\zlzlf\onedrive\바탕 화면\20210512_1 플래피버드\x64\debug\windowapi.tlog\rc.command.1.tlog
c:\users\zlzlf\onedrive\바탕 화면\20210512_1 플래피버드\x64\debug\windowapi.tlog\rc.read.1.tlog
c:\users\zlzlf\onedrive\바탕 화면\20210512_1 플래피버드\x64\debug\windowapi.tlog\rc.write.1.tlog
