  stdafx.cpp
  gameNode.cpp
C:\Users\zlzlf\OneDrive\바탕 화면\경일\내가 만든 자료\20210512_1 - 플래피버드 이미지화 게임 제작(완성210512)\gameNode.cpp(70,36): warning C4244: '=': 'float'에서 'LONG'(으)로 변환하면서 데이터가 손실될 수 있습니다.
C:\Users\zlzlf\OneDrive\바탕 화면\경일\내가 만든 자료\20210512_1 - 플래피버드 이미지화 게임 제작(완성210512)\gameNode.cpp(71,36): warning C4244: '=': 'float'에서 'LONG'(으)로 변환하면서 데이터가 손실될 수 있습니다.
  image.cpp
C:\Users\zlzlf\OneDrive\바탕 화면\경일\내가 만든 자료\20210512_1 - 플래피버드 이미지화 게임 제작(완성210512)\image.cpp(62,28): warning C4267: '초기화 중': 'size_t'에서 'int'(으)로 변환하면서 데이터가 손실될 수 있습니다.
  keyManager.cpp
  playGround.cpp
C:\Users\zlzlf\OneDrive\바탕 화면\경일\내가 만든 자료\20210512_1 - 플래피버드 이미지화 게임 제작(완성210512)\playGround.cpp(43,31): warning C4244: '인수': 'float'에서 'int'(으)로 변환하면서 데이터가 손실될 수 있습니다.
C:\Users\zlzlf\OneDrive\바탕 화면\경일\내가 만든 자료\20210512_1 - 플래피버드 이미지화 게임 제작(완성210512)\playGround.cpp(43,27): warning C4244: '인수': 'float'에서 'int'(으)로 변환하면서 데이터가 손실될 수 있습니다.
C:\Users\zlzlf\OneDrive\바탕 화면\경일\내가 만든 자료\20210512_1 - 플래피버드 이미지화 게임 제작(완성210512)\playGround.cpp(44,34): warning C4244: '=': 'int'에서 'float'(으)로 변환하면서 데이터가 손실될 수 있습니다.
C:\Users\zlzlf\OneDrive\바탕 화면\경일\내가 만든 자료\20210512_1 - 플래피버드 이미지화 게임 제작(완성210512)\playGround.cpp(186,31): warning C4244: '인수': 'float'에서 'int'(으)로 변환하면서 데이터가 손실될 수 있습니다.
C:\Users\zlzlf\OneDrive\바탕 화면\경일\내가 만든 자료\20210512_1 - 플래피버드 이미지화 게임 제작(완성210512)\playGround.cpp(186,27): warning C4244: '인수': 'float'에서 'int'(으)로 변환하면서 데이터가 손실될 수 있습니다.
C:\Users\zlzlf\OneDrive\바탕 화면\경일\내가 만든 자료\20210512_1 - 플래피버드 이미지화 게임 제작(완성210512)\playGround.cpp(215,65): warning C4267: '인수': 'size_t'에서 'int'(으)로 변환하면서 데이터가 손실될 수 있습니다.
C:\Users\zlzlf\OneDrive\바탕 화면\경일\내가 만든 자료\20210512_1 - 플래피버드 이미지화 게임 제작(완성210512)\playGround.cpp(239,65): warning C4267: '인수': 'size_t'에서 'int'(으)로 변환하면서 데이터가 손실될 수 있습니다.
  utils.cpp
  winMain.cpp
C:\Users\zlzlf\OneDrive\바탕 화면\경일\내가 만든 자료\20210512_1 - 플래피버드 이미지화 게임 제작(완성210512)\winMain.cpp(75,16): warning C4244: 'return': 'WPARAM'에서 'int'(으)로 변환하면서 데이터가 손실될 수 있습니다.
  코드를 생성하고 있습니다...
  windowAPI.vcxproj -> C:\Users\zlzlf\OneDrive\바탕 화면\경일\내가 만든 자료\20210512_1 - 플래피버드 이미지화 게임 제작(완성210512)\x64\Debug\windowAPI.exe
