  stdafx.cpp
  bullets.cpp
C:\Users\zlzlf\OneDrive\바탕 화면\경일\원본 수업자료\210525 33. 에너미를 관리하는 객체\bullets.cpp(39,49): warning C4244: '=': 'int'에서 'float'(으)로 변환하면서 데이터가 손실될 수 있습니다.
C:\Users\zlzlf\OneDrive\바탕 화면\경일\원본 수업자료\210525 33. 에너미를 관리하는 객체\bullets.cpp(44,45): warning C4244: '인수': 'float'에서 'int'(으)로 변환하면서 데이터가 손실될 수 있습니다.
C:\Users\zlzlf\OneDrive\바탕 화면\경일\원본 수업자료\210525 33. 에너미를 관리하는 객체\bullets.cpp(44,35): warning C4244: '인수': 'float'에서 'int'(으)로 변환하면서 데이터가 손실될 수 있습니다.
C:\Users\zlzlf\OneDrive\바탕 화면\경일\원본 수업자료\210525 33. 에너미를 관리하는 객체\bullets.cpp(59,57): warning C4244: '인수': 'float'에서 'int'(으)로 변환하면서 데이터가 손실될 수 있습니다.
C:\Users\zlzlf\OneDrive\바탕 화면\경일\원본 수업자료\210525 33. 에너미를 관리하는 객체\bullets.cpp(59,43): warning C4244: '인수': 'float'에서 'int'(으)로 변환하면서 데이터가 손실될 수 있습니다.
C:\Users\zlzlf\OneDrive\바탕 화면\경일\원본 수업자료\210525 33. 에너미를 관리하는 객체\bullets.cpp(123,57): warning C4244: '인수': 'float'에서 'int'(으)로 변환하면서 데이터가 손실될 수 있습니다.
C:\Users\zlzlf\OneDrive\바탕 화면\경일\원본 수업자료\210525 33. 에너미를 관리하는 객체\bullets.cpp(123,43): warning C4244: '인수': 'float'에서 'int'(으)로 변환하면서 데이터가 손실될 수 있습니다.
C:\Users\zlzlf\OneDrive\바탕 화면\경일\원본 수업자료\210525 33. 에너미를 관리하는 객체\bullets.cpp(139,57): warning C4244: '인수': 'float'에서 'int'(으)로 변환하면서 데이터가 손실될 수 있습니다.
C:\Users\zlzlf\OneDrive\바탕 화면\경일\원본 수업자료\210525 33. 에너미를 관리하는 객체\bullets.cpp(139,43): warning C4244: '인수': 'float'에서 'int'(으)로 변환하면서 데이터가 손실될 수 있습니다.
C:\Users\zlzlf\OneDrive\바탕 화면\경일\원본 수업자료\210525 33. 에너미를 관리하는 객체\bullets.cpp(210,45): warning C4244: '인수': 'float'에서 'int'(으)로 변환하면서 데이터가 손실될 수 있습니다.
C:\Users\zlzlf\OneDrive\바탕 화면\경일\원본 수업자료\210525 33. 에너미를 관리하는 객체\bullets.cpp(210,35): warning C4244: '인수': 'float'에서 'int'(으)로 변환하면서 데이터가 손실될 수 있습니다.
C:\Users\zlzlf\OneDrive\바탕 화면\경일\원본 수업자료\210525 33. 에너미를 관리하는 객체\bullets.cpp(222,57): warning C4244: '인수': 'float'에서 'int'(으)로 변환하면서 데이터가 손실될 수 있습니다.
C:\Users\zlzlf\OneDrive\바탕 화면\경일\원본 수업자료\210525 33. 에너미를 관리하는 객체\bullets.cpp(222,43): warning C4244: '인수': 'float'에서 'int'(으)로 변환하면서 데이터가 손실될 수 있습니다.
  enemy.cpp
  enemyManager.cpp
C:\Users\zlzlf\OneDrive\바탕 화면\경일\원본 수업자료\210525 33. 에너미를 관리하는 객체\enemyManager.cpp(60,54): warning C4244: '인수': 'LONG'에서 'float'(으)로 변환하면서 데이터가 손실될 수 있습니다.
C:\Users\zlzlf\OneDrive\바탕 화면\경일\원본 수업자료\210525 33. 에너미를 관리하는 객체\enemyManager.cpp(60,39): warning C4244: '인수': 'LONG'에서 'float'(으)로 변환하면서 데이터가 손실될 수 있습니다.
  gameNode.cpp
C:\Users\zlzlf\OneDrive\바탕 화면\경일\원본 수업자료\210525 33. 에너미를 관리하는 객체\gameNode.cpp(91,36): warning C4244: '=': 'float'에서 'LONG'(으)로 변환하면서 데이터가 손실될 수 있습니다.
C:\Users\zlzlf\OneDrive\바탕 화면\경일\원본 수업자료\210525 33. 에너미를 관리하는 객체\gameNode.cpp(92,36): warning C4244: '=': 'float'에서 'LONG'(으)로 변환하면서 데이터가 손실될 수 있습니다.
  image.cpp
C:\Users\zlzlf\OneDrive\바탕 화면\경일\원본 수업자료\210525 33. 에너미를 관리하는 객체\image.cpp(62,28): warning C4267: '초기화 중': 'size_t'에서 'int'(으)로 변환하면서 데이터가 손실될 수 있습니다.
C:\Users\zlzlf\OneDrive\바탕 화면\경일\원본 수업자료\210525 33. 에너미를 관리하는 객체\image.cpp(107,28): warning C4267: '초기화 중': 'size_t'에서 'int'(으)로 변환하면서 데이터가 손실될 수 있습니다.
C:\Users\zlzlf\OneDrive\바탕 화면\경일\원본 수업자료\210525 33. 에너미를 관리하는 객체\image.cpp(150,28): warning C4267: '초기화 중': 'size_t'에서 'int'(으)로 변환하면서 데이터가 손실될 수 있습니다.
  imageManager.cpp
  keyManager.cpp
  minion.cpp
  playGround.cpp
  spaceShip.cpp
C:\Users\zlzlf\OneDrive\바탕 화면\경일\원본 수업자료\210525 33. 에너미를 관리하는 객체\spaceShip.cpp(69,54): warning C4244: '인수': 'float'에서 'int'(으)로 변환하면서 데이터가 손실될 수 있습니다.
C:\Users\zlzlf\OneDrive\바탕 화면\경일\원본 수업자료\210525 33. 에너미를 관리하는 객체\spaceShip.cpp(69,39): warning C4244: '인수': 'float'에서 'int'(으)로 변환하면서 데이터가 손실될 수 있습니다.
  utils.cpp
  winMain.cpp
C:\Users\zlzlf\OneDrive\바탕 화면\경일\원본 수업자료\210525 33. 에너미를 관리하는 객체\winMain.cpp(75,16): warning C4244: 'return': 'WPARAM'에서 'int'(으)로 변환하면서 데이터가 손실될 수 있습니다.
  코드를 생성하고 있습니다...
  windowAPI.vcxproj -> C:\Users\zlzlf\OneDrive\바탕 화면\경일\원본 수업자료\210525 33. 에너미를 관리하는 객체\x64\Debug\windowAPI.exe
