  stdafx.cpp
  bullets.cpp
C:\Users\zlzlf\OneDrive\바탕 화면\경일\원본 수업자료\2021056 34. 충돌처리(1번, 2번) + 프로그레스 바\bullets.cpp(39,49): warning C4244: '=': 'int'에서 'float'(으)로 변환하면서 데이터가 손실될 수 있습니다.
C:\Users\zlzlf\OneDrive\바탕 화면\경일\원본 수업자료\2021056 34. 충돌처리(1번, 2번) + 프로그레스 바\bullets.cpp(44,45): warning C4244: '인수': 'float'에서 'int'(으)로 변환하면서 데이터가 손실될 수 있습니다.
C:\Users\zlzlf\OneDrive\바탕 화면\경일\원본 수업자료\2021056 34. 충돌처리(1번, 2번) + 프로그레스 바\bullets.cpp(44,35): warning C4244: '인수': 'float'에서 'int'(으)로 변환하면서 데이터가 손실될 수 있습니다.
C:\Users\zlzlf\OneDrive\바탕 화면\경일\원본 수업자료\2021056 34. 충돌처리(1번, 2번) + 프로그레스 바\bullets.cpp(59,57): warning C4244: '인수': 'float'에서 'int'(으)로 변환하면서 데이터가 손실될 수 있습니다.
C:\Users\zlzlf\OneDrive\바탕 화면\경일\원본 수업자료\2021056 34. 충돌처리(1번, 2번) + 프로그레스 바\bullets.cpp(59,43): warning C4244: '인수': 'float'에서 'int'(으)로 변환하면서 데이터가 손실될 수 있습니다.
C:\Users\zlzlf\OneDrive\바탕 화면\경일\원본 수업자료\2021056 34. 충돌처리(1번, 2번) + 프로그레스 바\bullets.cpp(129,57): warning C4244: '인수': 'float'에서 'int'(으)로 변환하면서 데이터가 손실될 수 있습니다.
C:\Users\zlzlf\OneDrive\바탕 화면\경일\원본 수업자료\2021056 34. 충돌처리(1번, 2번) + 프로그레스 바\bullets.cpp(129,43): warning C4244: '인수': 'float'에서 'int'(으)로 변환하면서 데이터가 손실될 수 있습니다.
C:\Users\zlzlf\OneDrive\바탕 화면\경일\원본 수업자료\2021056 34. 충돌처리(1번, 2번) + 프로그레스 바\bullets.cpp(145,57): warning C4244: '인수': 'float'에서 'int'(으)로 변환하면서 데이터가 손실될 수 있습니다.
C:\Users\zlzlf\OneDrive\바탕 화면\경일\원본 수업자료\2021056 34. 충돌처리(1번, 2번) + 프로그레스 바\bullets.cpp(145,43): warning C4244: '인수': 'float'에서 'int'(으)로 변환하면서 데이터가 손실될 수 있습니다.
C:\Users\zlzlf\OneDrive\바탕 화면\경일\원본 수업자료\2021056 34. 충돌처리(1번, 2번) + 프로그레스 바\bullets.cpp(217,45): warning C4244: '인수': 'float'에서 'int'(으)로 변환하면서 데이터가 손실될 수 있습니다.
C:\Users\zlzlf\OneDrive\바탕 화면\경일\원본 수업자료\2021056 34. 충돌처리(1번, 2번) + 프로그레스 바\bullets.cpp(217,35): warning C4244: '인수': 'float'에서 'int'(으)로 변환하면서 데이터가 손실될 수 있습니다.
C:\Users\zlzlf\OneDrive\바탕 화면\경일\원본 수업자료\2021056 34. 충돌처리(1번, 2번) + 프로그레스 바\bullets.cpp(229,57): warning C4244: '인수': 'float'에서 'int'(으)로 변환하면서 데이터가 손실될 수 있습니다.
C:\Users\zlzlf\OneDrive\바탕 화면\경일\원본 수업자료\2021056 34. 충돌처리(1번, 2번) + 프로그레스 바\bullets.cpp(229,43): warning C4244: '인수': 'float'에서 'int'(으)로 변환하면서 데이터가 손실될 수 있습니다.
  enemy.cpp
  enemyManager.cpp
C:\Users\zlzlf\OneDrive\바탕 화면\경일\원본 수업자료\2021056 34. 충돌처리(1번, 2번) + 프로그레스 바\enemyManager.cpp(68,42): warning C4244: '인수': 'LONG'에서 'float'(으)로 변환하면서 데이터가 손실될 수 있습니다.
C:\Users\zlzlf\OneDrive\바탕 화면\경일\원본 수업자료\2021056 34. 충돌처리(1번, 2번) + 프로그레스 바\enemyManager.cpp(68,35): warning C4244: '인수': 'LONG'에서 'float'(으)로 변환하면서 데이터가 손실될 수 있습니다.
C:\Users\zlzlf\OneDrive\바탕 화면\경일\원본 수업자료\2021056 34. 충돌처리(1번, 2번) + 프로그레스 바\enemyManager.cpp(67,15): warning C4244: '인수': 'LONG'에서 'float'(으)로 변환하면서 데이터가 손실될 수 있습니다.
C:\Users\zlzlf\OneDrive\바탕 화면\경일\원본 수업자료\2021056 34. 충돌처리(1번, 2번) + 프로그레스 바\enemyManager.cpp(66,39): warning C4244: '인수': 'LONG'에서 'float'(으)로 변환하면서 데이터가 손실될 수 있습니다.
C:\Users\zlzlf\OneDrive\바탕 화면\경일\원본 수업자료\2021056 34. 충돌처리(1번, 2번) + 프로그레스 바\enemyManager.cpp(86,80): warning C4244: '인수': 'float'에서 'int'(으)로 변환하면서 데이터가 손실될 수 있습니다.
C:\Users\zlzlf\OneDrive\바탕 화면\경일\원본 수업자료\2021056 34. 충돌처리(1번, 2번) + 프로그레스 바\enemyManager.cpp(86,49): warning C4244: '인수': 'float'에서 'int'(으)로 변환하면서 데이터가 손실될 수 있습니다.
  gameNode.cpp
C:\Users\zlzlf\OneDrive\바탕 화면\경일\원본 수업자료\2021056 34. 충돌처리(1번, 2번) + 프로그레스 바\gameNode.cpp(91,36): warning C4244: '=': 'float'에서 'LONG'(으)로 변환하면서 데이터가 손실될 수 있습니다.
C:\Users\zlzlf\OneDrive\바탕 화면\경일\원본 수업자료\2021056 34. 충돌처리(1번, 2번) + 프로그레스 바\gameNode.cpp(92,36): warning C4244: '=': 'float'에서 'LONG'(으)로 변환하면서 데이터가 손실될 수 있습니다.
  image.cpp
C:\Users\zlzlf\OneDrive\바탕 화면\경일\원본 수업자료\2021056 34. 충돌처리(1번, 2번) + 프로그레스 바\image.cpp(62,28): warning C4267: '초기화 중': 'size_t'에서 'int'(으)로 변환하면서 데이터가 손실될 수 있습니다.
C:\Users\zlzlf\OneDrive\바탕 화면\경일\원본 수업자료\2021056 34. 충돌처리(1번, 2번) + 프로그레스 바\image.cpp(107,28): warning C4267: '초기화 중': 'size_t'에서 'int'(으)로 변환하면서 데이터가 손실될 수 있습니다.
C:\Users\zlzlf\OneDrive\바탕 화면\경일\원본 수업자료\2021056 34. 충돌처리(1번, 2번) + 프로그레스 바\image.cpp(150,28): warning C4267: '초기화 중': 'size_t'에서 'int'(으)로 변환하면서 데이터가 손실될 수 있습니다.
  imageManager.cpp
  keyManager.cpp
  minion.cpp
  playGround+collision.cpp
  playGround.cpp
  progressBar.cpp
C:\Users\zlzlf\OneDrive\바탕 화면\경일\원본 수업자료\2021056 34. 충돌처리(1번, 2번) + 프로그레스 바\progressBar.cpp(15,39): warning C4244: '=': 'int'에서 'float'(으)로 변환하면서 데이터가 손실될 수 있습니다.
C:\Users\zlzlf\OneDrive\바탕 화면\경일\원본 수업자료\2021056 34. 충돌처리(1번, 2번) + 프로그레스 바\progressBar.cpp(42,9): warning C4244: '인수': 'float'에서 'int'(으)로 변환하면서 데이터가 손실될 수 있습니다.
  spaceShip.cpp
C:\Users\zlzlf\OneDrive\바탕 화면\경일\원본 수업자료\2021056 34. 충돌처리(1번, 2번) + 프로그레스 바\spaceShip.cpp(31,44): warning C4244: '인수': 'float'에서 'int'(으)로 변환하면서 데이터가 손실될 수 있습니다.
C:\Users\zlzlf\OneDrive\바탕 화면\경일\원본 수업자료\2021056 34. 충돌처리(1번, 2번) + 프로그레스 바\spaceShip.cpp(31,26): warning C4244: '인수': 'float'에서 'int'(으)로 변환하면서 데이터가 손실될 수 있습니다.
C:\Users\zlzlf\OneDrive\바탕 화면\경일\원본 수업자료\2021056 34. 충돌처리(1번, 2번) + 프로그레스 바\spaceShip.cpp(75,26): warning C4244: '인수': 'float'에서 'int'(으)로 변환하면서 데이터가 손실될 수 있습니다.
C:\Users\zlzlf\OneDrive\바탕 화면\경일\원본 수업자료\2021056 34. 충돌처리(1번, 2번) + 프로그레스 바\spaceShip.cpp(76,29): warning C4244: '인수': 'float'에서 'int'(으)로 변환하면서 데이터가 손실될 수 있습니다.
C:\Users\zlzlf\OneDrive\바탕 화면\경일\원본 수업자료\2021056 34. 충돌처리(1번, 2번) + 프로그레스 바\spaceShip.cpp(87,54): warning C4244: '인수': 'float'에서 'int'(으)로 변환하면서 데이터가 손실될 수 있습니다.
C:\Users\zlzlf\OneDrive\바탕 화면\경일\원본 수업자료\2021056 34. 충돌처리(1번, 2번) + 프로그레스 바\spaceShip.cpp(87,39): warning C4244: '인수': 'float'에서 'int'(으)로 변환하면서 데이터가 손실될 수 있습니다.
  utils.cpp
  winMain.cpp
C:\Users\zlzlf\OneDrive\바탕 화면\경일\원본 수업자료\2021056 34. 충돌처리(1번, 2번) + 프로그레스 바\winMain.cpp(75,16): warning C4244: 'return': 'WPARAM'에서 'int'(으)로 변환하면서 데이터가 손실될 수 있습니다.
  코드를 생성하고 있습니다...
  windowAPI.vcxproj -> C:\Users\zlzlf\OneDrive\바탕 화면\경일\원본 수업자료\2021056 34. 충돌처리(1번, 2번) + 프로그레스 바\x64\Debug\windowAPI.exe
