  IdelState.cpp
  JumpState.cpp
  Jump_FallState.cpp
  Player.cpp
C:\Users\zlzlf\OneDrive\바탕 화면\20210602_1 (2) (2)\Player.cpp(55,50): warning C4244: '인수': 'float'에서 'int'(으)로 변환하면서 데이터가 손실될 수 있습니다.
C:\Users\zlzlf\OneDrive\바탕 화면\20210602_1 (2) (2)\Player.cpp(55,38): warning C4244: '인수': 'float'에서 'int'(으)로 변환하면서 데이터가 손실될 수 있습니다.
C:\Users\zlzlf\OneDrive\바탕 화면\20210602_1 (2) (2)\Player.cpp(56,53): warning C4244: '인수': 'float'에서 'int'(으)로 변환하면서 데이터가 손실될 수 있습니다.
C:\Users\zlzlf\OneDrive\바탕 화면\20210602_1 (2) (2)\Player.cpp(56,41): warning C4244: '인수': 'float'에서 'int'(으)로 변환하면서 데이터가 손실될 수 있습니다.
C:\Users\zlzlf\OneDrive\바탕 화면\20210602_1 (2) (2)\Player.cpp(68,54): warning C4244: '=': 'LONG'에서 'float'(으)로 변환하면서 데이터가 손실될 수 있습니다.
C:\Users\zlzlf\OneDrive\바탕 화면\20210602_1 (2) (2)\Player.cpp(69,54): warning C4244: '=': 'LONG'에서 'float'(으)로 변환하면서 데이터가 손실될 수 있습니다.
  playGround.cpp
  RunState.cpp
  Stage1.cpp
C:\Users\zlzlf\OneDrive\바탕 화면\20210602_1 (2) (2)\Stage1.cpp(26,22): error C2027: 정의되지 않은 형식 'Player'을(를) 사용했습니다.
C:\Users\zlzlf\OneDrive\바탕 화면\20210602_1 (2) (2)\Stage1.h(5): message : 'Player' 선언을 참조하십시오.
C:\Users\zlzlf\OneDrive\바탕 화면\20210602_1 (2) (2)\Stage1.cpp(27,9): error C2027: 정의되지 않은 형식 'Player'을(를) 사용했습니다.
C:\Users\zlzlf\OneDrive\바탕 화면\20210602_1 (2) (2)\Stage1.h(5): message : 'Player' 선언을 참조하십시오.
C:\Users\zlzlf\OneDrive\바탕 화면\20210602_1 (2) (2)\Stage1.cpp(34,2): warning C4150: 불완전한 형식 'Player'에 대한 포인터를 삭제했습니다. 소멸자가 호출되지 않습니다.
C:\Users\zlzlf\OneDrive\바탕 화면\20210602_1 (2) (2)\Stage1.h(5): message : 'Player' 선언을 참조하십시오.
C:\Users\zlzlf\OneDrive\바탕 화면\20210602_1 (2) (2)\Stage1.cpp(39,9): error C2027: 정의되지 않은 형식 'Player'을(를) 사용했습니다.
C:\Users\zlzlf\OneDrive\바탕 화면\20210602_1 (2) (2)\Stage1.h(5): message : 'Player' 선언을 참조하십시오.
C:\Users\zlzlf\OneDrive\바탕 화면\20210602_1 (2) (2)\Stage1.cpp(42,5): error C2027: 정의되지 않은 형식 'Player'을(를) 사용했습니다.
C:\Users\zlzlf\OneDrive\바탕 화면\20210602_1 (2) (2)\Stage1.h(5): message : 'Player' 선언을 참조하십시오.
C:\Users\zlzlf\OneDrive\바탕 화면\20210602_1 (2) (2)\Stage1.cpp(43,1): error C2027: 정의되지 않은 형식 'Player'을(를) 사용했습니다.
C:\Users\zlzlf\OneDrive\바탕 화면\20210602_1 (2) (2)\Stage1.h(5): message : 'Player' 선언을 참조하십시오.
C:\Users\zlzlf\OneDrive\바탕 화면\20210602_1 (2) (2)\Stage1.cpp(45,10): error C2027: 정의되지 않은 형식 'Player'을(를) 사용했습니다.
C:\Users\zlzlf\OneDrive\바탕 화면\20210602_1 (2) (2)\Stage1.h(5): message : 'Player' 선언을 참조하십시오.
C:\Users\zlzlf\OneDrive\바탕 화면\20210602_1 (2) (2)\Stage1.cpp(46,10): error C2027: 정의되지 않은 형식 'Player'을(를) 사용했습니다.
C:\Users\zlzlf\OneDrive\바탕 화면\20210602_1 (2) (2)\Stage1.h(5): message : 'Player' 선언을 참조하십시오.
C:\Users\zlzlf\OneDrive\바탕 화면\20210602_1 (2) (2)\Stage1.cpp(48,10): error C2027: 정의되지 않은 형식 'Player'을(를) 사용했습니다.
C:\Users\zlzlf\OneDrive\바탕 화면\20210602_1 (2) (2)\Stage1.h(5): message : 'Player' 선언을 참조하십시오.
C:\Users\zlzlf\OneDrive\바탕 화면\20210602_1 (2) (2)\Stage1.cpp(50,10): error C2027: 정의되지 않은 형식 'Player'을(를) 사용했습니다.
C:\Users\zlzlf\OneDrive\바탕 화면\20210602_1 (2) (2)\Stage1.h(5): message : 'Player' 선언을 참조하십시오.
C:\Users\zlzlf\OneDrive\바탕 화면\20210602_1 (2) (2)\Stage1.cpp(57,6): error C2027: 정의되지 않은 형식 'Player'을(를) 사용했습니다.
C:\Users\zlzlf\OneDrive\바탕 화면\20210602_1 (2) (2)\Stage1.h(5): message : 'Player' 선언을 참조하십시오.
C:\Users\zlzlf\OneDrive\바탕 화면\20210602_1 (2) (2)\Stage1.cpp(57,6): error C2660: 'IntersectRect': 함수는 2개의 인수를 사용하지 않습니다.
C:\Program Files (x86)\Windows Kits\10\Include\10.0.18362.0\um\winuser.h(9698,1): message : 'IntersectRect' 선언을 참조하십시오.
C:\Users\zlzlf\OneDrive\바탕 화면\20210602_1 (2) (2)\Stage1.cpp(60,7): error C2027: 정의되지 않은 형식 'Player'을(를) 사용했습니다.
C:\Users\zlzlf\OneDrive\바탕 화면\20210602_1 (2) (2)\Stage1.h(5): message : 'Player' 선언을 참조하십시오.
C:\Users\zlzlf\OneDrive\바탕 화면\20210602_1 (2) (2)\Stage1.cpp(61,1): error C2027: 정의되지 않은 형식 'Player'을(를) 사용했습니다.
C:\Users\zlzlf\OneDrive\바탕 화면\20210602_1 (2) (2)\Stage1.h(5): message : 'Player' 선언을 참조하십시오.
C:\Users\zlzlf\OneDrive\바탕 화면\20210602_1 (2) (2)\Stage1.cpp(62,1): error C2027: 정의되지 않은 형식 'Player'을(를) 사용했습니다.
C:\Users\zlzlf\OneDrive\바탕 화면\20210602_1 (2) (2)\Stage1.h(5): message : 'Player' 선언을 참조하십시오.
C:\Users\zlzlf\OneDrive\바탕 화면\20210602_1 (2) (2)\Stage1.cpp(64,12): error C2027: 정의되지 않은 형식 'Player'을(를) 사용했습니다.
C:\Users\zlzlf\OneDrive\바탕 화면\20210602_1 (2) (2)\Stage1.h(5): message : 'Player' 선언을 참조하십시오.
C:\Users\zlzlf\OneDrive\바탕 화면\20210602_1 (2) (2)\Stage1.cpp(65,8): error C2027: 정의되지 않은 형식 'Player'을(를) 사용했습니다.
C:\Users\zlzlf\OneDrive\바탕 화면\20210602_1 (2) (2)\Stage1.h(5): message : 'Player' 선언을 참조하십시오.
C:\Users\zlzlf\OneDrive\바탕 화면\20210602_1 (2) (2)\Stage1.cpp(66,12): error C2027: 정의되지 않은 형식 'Player'을(를) 사용했습니다.
C:\Users\zlzlf\OneDrive\바탕 화면\20210602_1 (2) (2)\Stage1.h(5): message : 'Player' 선언을 참조하십시오.
C:\Users\zlzlf\OneDrive\바탕 화면\20210602_1 (2) (2)\Stage1.cpp(68,12): error C2027: 정의되지 않은 형식 'Player'을(를) 사용했습니다.
C:\Users\zlzlf\OneDrive\바탕 화면\20210602_1 (2) (2)\Stage1.h(5): message : 'Player' 선언을 참조하십시오.
C:\Users\zlzlf\OneDrive\바탕 화면\20210602_1 (2) (2)\Stage1.cpp(70,12): error C2027: 정의되지 않은 형식 'Player'을(를) 사용했습니다.
C:\Users\zlzlf\OneDrive\바탕 화면\20210602_1 (2) (2)\Stage1.h(5): message : 'Player' 선언을 참조하십시오.
C:\Users\zlzlf\OneDrive\바탕 화면\20210602_1 (2) (2)\Stage1.cpp(71,12): error C2027: 정의되지 않은 형식 'Player'을(를) 사용했습니다.
C:\Users\zlzlf\OneDrive\바탕 화면\20210602_1 (2) (2)\Stage1.h(5): message : 'Player' 선언을 참조하십시오.
C:\Users\zlzlf\OneDrive\바탕 화면\20210602_1 (2) (2)\Stage1.cpp(75,7): error C2027: 정의되지 않은 형식 'Player'을(를) 사용했습니다.
C:\Users\zlzlf\OneDrive\바탕 화면\20210602_1 (2) (2)\Stage1.h(5): message : 'Player' 선언을 참조하십시오.
C:\Users\zlzlf\OneDrive\바탕 화면\20210602_1 (2) (2)\Stage1.cpp(76,1): error C2027: 정의되지 않은 형식 'Player'을(를) 사용했습니다.
C:\Users\zlzlf\OneDrive\바탕 화면\20210602_1 (2) (2)\Stage1.h(5): message : 'Player' 선언을 참조하십시오.
C:\Users\zlzlf\OneDrive\바탕 화면\20210602_1 (2) (2)\Stage1.cpp(77,1): error C2027: 정의되지 않은 형식 'Player'을(를) 사용했습니다.
C:\Users\zlzlf\OneDrive\바탕 화면\20210602_1 (2) (2)\Stage1.h(5): message : 'Player' 선언을 참조하십시오.
C:\Users\zlzlf\OneDrive\바탕 화면\20210602_1 (2) (2)\Stage1.cpp(78,1): error C2027: 정의되지 않은 형식 'Player'을(를) 사용했습니다.
C:\Users\zlzlf\OneDrive\바탕 화면\20210602_1 (2) (2)\Stage1.h(5): message : 'Player' 선언을 참조하십시오.
C:\Users\zlzlf\OneDrive\바탕 화면\20210602_1 (2) (2)\Stage1.cpp(80,12): error C2027: 정의되지 않은 형식 'Player'을(를) 사용했습니다.
C:\Users\zlzlf\OneDrive\바탕 화면\20210602_1 (2) (2)\Stage1.h(5): message : 'Player' 선언을 참조하십시오.
C:\Users\zlzlf\OneDrive\바탕 화면\20210602_1 (2) (2)\Stage1.cpp(81,12): error C2027: 정의되지 않은 형식 'Player'을(를) 사용했습니다.
C:\Users\zlzlf\OneDrive\바탕 화면\20210602_1 (2) (2)\Stage1.h(5): message : 'Player' 선언을 참조하십시오.
C:\Users\zlzlf\OneDrive\바탕 화면\20210602_1 (2) (2)\Stage1.cpp(82,12): error C2027: 정의되지 않은 형식 'Player'을(를) 사용했습니다.
C:\Users\zlzlf\OneDrive\바탕 화면\20210602_1 (2) (2)\Stage1.h(5): message : 'Player' 선언을 참조하십시오.
C:\Users\zlzlf\OneDrive\바탕 화면\20210602_1 (2) (2)\Stage1.cpp(83,12): error C2027: 정의되지 않은 형식 'Player'을(를) 사용했습니다.
C:\Users\zlzlf\OneDrive\바탕 화면\20210602_1 (2) (2)\Stage1.h(5): message : 'Player' 선언을 참조하십시오.
C:\Users\zlzlf\OneDrive\바탕 화면\20210602_1 (2) (2)\Stage1.cpp(105,9): error C2027: 정의되지 않은 형식 'Player'을(를) 사용했습니다.
C:\Users\zlzlf\OneDrive\바탕 화면\20210602_1 (2) (2)\Stage1.h(5): message : 'Player' 선언을 참조하십시오.
  Stage2.cpp
C:\Users\zlzlf\OneDrive\바탕 화면\20210602_1 (2) (2)\Stage2.cpp(52,50): warning C4244: '=': 'LONG'에서 'float'(으)로 변환하면서 데이터가 손실될 수 있습니다.
C:\Users\zlzlf\OneDrive\바탕 화면\20210602_1 (2) (2)\Stage2.cpp(70,54): warning C4244: '=': 'LONG'에서 'float'(으)로 변환하면서 데이터가 손실될 수 있습니다.
C:\Users\zlzlf\OneDrive\바탕 화면\20210602_1 (2) (2)\Stage2.cpp(82,54): warning C4244: '=': 'LONG'에서 'float'(으)로 변환하면서 데이터가 손실될 수 있습니다.
  Stage3.cpp
C:\Users\zlzlf\OneDrive\바탕 화면\20210602_1 (2) (2)\Stage3.cpp(46,50): warning C4244: '=': 'LONG'에서 'float'(으)로 변환하면서 데이터가 손실될 수 있습니다.
C:\Users\zlzlf\OneDrive\바탕 화면\20210602_1 (2) (2)\Stage3.cpp(64,54): warning C4244: '=': 'LONG'에서 'float'(으)로 변환하면서 데이터가 손실될 수 있습니다.
C:\Users\zlzlf\OneDrive\바탕 화면\20210602_1 (2) (2)\Stage3.cpp(76,54): warning C4244: '=': 'LONG'에서 'float'(으)로 변환하면서 데이터가 손실될 수 있습니다.
  winMain.cpp
C:\Users\zlzlf\OneDrive\바탕 화면\20210602_1 (2) (2)\winMain.cpp(91,16): warning C4244: 'return': 'WPARAM'에서 'int'(으)로 변환하면서 데이터가 손실될 수 있습니다.
  코드를 생성하고 있습니다...
