c:\users\zlzlf\onedrive\문서\github\kyungil\kyungil\x64\debug\vc142.pdb
c:\users\zlzlf\onedrive\문서\github\kyungil\kyungil\x64\debug\vc142.idb
c:\users\zlzlf\onedrive\문서\github\kyungil\kyungil\x64\debug\210420.obj
c:\users\zlzlf\onedrive\문서\github\kyungil\kyungil\x64\debug\210420 4. vectortest.obj
c:\users\zlzlf\onedrive\문서\github\kyungil\kyungil\x64\debug\210420 3. maingame5.obj
c:\users\zlzlf\onedrive\문서\github\kyungil\kyungil\x64\debug\210420 2. enemy.obj
c:\users\zlzlf\onedrive\문서\github\kyungil\kyungil\x64\debug\210420 1. player.obj
c:\users\zlzlf\onedrive\문서\github\kyungil\kyungil\x64\debug\210421.obj
c:\users\zlzlf\onedrive\문서\github\kyungil\kyungil\x64\debug\210421 3. shop.obj
c:\users\zlzlf\onedrive\문서\github\kyungil\kyungil\x64\debug\210421 2. maingame.obj
c:\users\zlzlf\onedrive\문서\github\kyungil\kyungil\x64\debug\210421 1. listtest.obj
c:\users\zlzlf\onedrive\문서\github\kyungil\kyungil\x64\debug\210421 4. inventory.obj
c:\users\zlzlf\onedrive\문서\github\kyungil\kyungil\x64\debug\1.obj
c:\users\zlzlf\onedrive\문서\github\kyungil\kyungil\x64\debug\maptest.obj
c:\users\zlzlf\onedrive\문서\github\kyungil\kyungil\x64\debug\210422.obj
c:\users\zlzlf\onedrive\문서\github\kyungil\kyungil\x64\debug\memo.obj
c:\users\zlzlf\onedrive\문서\github\kyungil\kyungil\x64\debug\210423.obj
c:\users\zlzlf\onedrive\문서\github\kyungil\kyungil\x64\debug\210422 2. api.obj
c:\users\zlzlf\onedrive\문서\github\kyungil\x64\debug\kyungil.exe
c:\users\zlzlf\onedrive\문서\github\kyungil\x64\debug\kyungil.ilk
c:\users\zlzlf\onedrive\문서\github\kyungil\x64\debug\kyungil.pdb
c:\users\zlzlf\onedrive\문서\github\kyungil\kyungil\x64\debug\210422 api.obj
c:\users\zlzlf\onedrive\문서\github\kyungil\kyungil\x64\debug\listtest.obj
c:\users\zlzlf\onedrive\문서\github\kyungil\kyungil\x64\debug\210420 1. player.obj.enc
c:\users\zlzlf\onedrive\문서\github\kyungil\kyungil\x64\debug\210420.obj.enc
c:\users\zlzlf\onedrive\문서\github\kyungil\kyungil\x64\debug\kyungil.tlog\cl.command.1.tlog
c:\users\zlzlf\onedrive\문서\github\kyungil\kyungil\x64\debug\kyungil.tlog\cl.read.1.tlog
c:\users\zlzlf\onedrive\문서\github\kyungil\kyungil\x64\debug\kyungil.tlog\cl.write.1.tlog
c:\users\zlzlf\onedrive\문서\github\kyungil\kyungil\x64\debug\kyungil.tlog\link.command.1.tlog
c:\users\zlzlf\onedrive\문서\github\kyungil\kyungil\x64\debug\kyungil.tlog\link.read.1.tlog
c:\users\zlzlf\onedrive\문서\github\kyungil\kyungil\x64\debug\kyungil.tlog\link.write.1.tlog
