  stdafx.cpp
  animation.cpp
  bullets.cpp
C:\Users\zlzlf\OneDrive\바탕 화면\사운드매니저 28기강의\20210615_0\bullets.cpp(39,49): warning C4244: '=': 'int'에서 'float'(으)로 변환하면서 데이터가 손실될 수 있습니다.
C:\Users\zlzlf\OneDrive\바탕 화면\사운드매니저 28기강의\20210615_0\bullets.cpp(44,45): warning C4244: '인수': 'float'에서 'int'(으)로 변환하면서 데이터가 손실될 수 있습니다.
C:\Users\zlzlf\OneDrive\바탕 화면\사운드매니저 28기강의\20210615_0\bullets.cpp(44,35): warning C4244: '인수': 'float'에서 'int'(으)로 변환하면서 데이터가 손실될 수 있습니다.
C:\Users\zlzlf\OneDrive\바탕 화면\사운드매니저 28기강의\20210615_0\bullets.cpp(59,57): warning C4244: '인수': 'float'에서 'int'(으)로 변환하면서 데이터가 손실될 수 있습니다.
C:\Users\zlzlf\OneDrive\바탕 화면\사운드매니저 28기강의\20210615_0\bullets.cpp(59,43): warning C4244: '인수': 'float'에서 'int'(으)로 변환하면서 데이터가 손실될 수 있습니다.
C:\Users\zlzlf\OneDrive\바탕 화면\사운드매니저 28기강의\20210615_0\bullets.cpp(129,57): warning C4244: '인수': 'float'에서 'int'(으)로 변환하면서 데이터가 손실될 수 있습니다.
C:\Users\zlzlf\OneDrive\바탕 화면\사운드매니저 28기강의\20210615_0\bullets.cpp(129,43): warning C4244: '인수': 'float'에서 'int'(으)로 변환하면서 데이터가 손실될 수 있습니다.
C:\Users\zlzlf\OneDrive\바탕 화면\사운드매니저 28기강의\20210615_0\bullets.cpp(145,57): warning C4244: '인수': 'float'에서 'int'(으)로 변환하면서 데이터가 손실될 수 있습니다.
C:\Users\zlzlf\OneDrive\바탕 화면\사운드매니저 28기강의\20210615_0\bullets.cpp(145,43): warning C4244: '인수': 'float'에서 'int'(으)로 변환하면서 데이터가 손실될 수 있습니다.
C:\Users\zlzlf\OneDrive\바탕 화면\사운드매니저 28기강의\20210615_0\bullets.cpp(217,45): warning C4244: '인수': 'float'에서 'int'(으)로 변환하면서 데이터가 손실될 수 있습니다.
C:\Users\zlzlf\OneDrive\바탕 화면\사운드매니저 28기강의\20210615_0\bullets.cpp(217,35): warning C4244: '인수': 'float'에서 'int'(으)로 변환하면서 데이터가 손실될 수 있습니다.
C:\Users\zlzlf\OneDrive\바탕 화면\사운드매니저 28기강의\20210615_0\bullets.cpp(229,57): warning C4244: '인수': 'float'에서 'int'(으)로 변환하면서 데이터가 손실될 수 있습니다.
C:\Users\zlzlf\OneDrive\바탕 화면\사운드매니저 28기강의\20210615_0\bullets.cpp(229,43): warning C4244: '인수': 'float'에서 'int'(으)로 변환하면서 데이터가 손실될 수 있습니다.
  effect.cpp
  effectManager.cpp
  enemy.cpp
  enemyManager.cpp
C:\Users\zlzlf\OneDrive\바탕 화면\사운드매니저 28기강의\20210615_0\enemyManager.cpp(68,42): warning C4244: '인수': 'LONG'에서 'float'(으)로 변환하면서 데이터가 손실될 수 있습니다.
C:\Users\zlzlf\OneDrive\바탕 화면\사운드매니저 28기강의\20210615_0\enemyManager.cpp(68,35): warning C4244: '인수': 'LONG'에서 'float'(으)로 변환하면서 데이터가 손실될 수 있습니다.
C:\Users\zlzlf\OneDrive\바탕 화면\사운드매니저 28기강의\20210615_0\enemyManager.cpp(67,15): warning C4244: '인수': 'LONG'에서 'float'(으)로 변환하면서 데이터가 손실될 수 있습니다.
C:\Users\zlzlf\OneDrive\바탕 화면\사운드매니저 28기강의\20210615_0\enemyManager.cpp(66,39): warning C4244: '인수': 'LONG'에서 'float'(으)로 변환하면서 데이터가 손실될 수 있습니다.
C:\Users\zlzlf\OneDrive\바탕 화면\사운드매니저 28기강의\20210615_0\enemyManager.cpp(86,80): warning C4244: '인수': 'float'에서 'int'(으)로 변환하면서 데이터가 손실될 수 있습니다.
C:\Users\zlzlf\OneDrive\바탕 화면\사운드매니저 28기강의\20210615_0\enemyManager.cpp(86,49): warning C4244: '인수': 'float'에서 'int'(으)로 변환하면서 데이터가 손실될 수 있습니다.
  gameNode.cpp
C:\Users\zlzlf\OneDrive\바탕 화면\사운드매니저 28기강의\20210615_0\gameNode.cpp(94,36): warning C4244: '=': 'float'에서 'LONG'(으)로 변환하면서 데이터가 손실될 수 있습니다.
C:\Users\zlzlf\OneDrive\바탕 화면\사운드매니저 28기강의\20210615_0\gameNode.cpp(95,36): warning C4244: '=': 'float'에서 'LONG'(으)로 변환하면서 데이터가 손실될 수 있습니다.
C:\Users\zlzlf\OneDrive\바탕 화면\사운드매니저 28기강의\20210615_0\gameNode.cpp(86,14): warning C4101: 'hdc' :참조되지 않은 지역 변수입니다.
C:\Users\zlzlf\OneDrive\바탕 화면\사운드매니저 28기강의\20210615_0\gameNode.cpp(85,14): warning C4101: 'ps' :참조되지 않은 지역 변수입니다.
  image.cpp
C:\Users\zlzlf\OneDrive\바탕 화면\사운드매니저 28기강의\20210615_0\image.cpp(75,28): warning C4267: '초기화 중': 'size_t'에서 'int'(으)로 변환하면서 데이터가 손실될 수 있습니다.
C:\Users\zlzlf\OneDrive\바탕 화면\사운드매니저 28기강의\20210615_0\image.cpp(133,28): warning C4267: '초기화 중': 'size_t'에서 'int'(으)로 변환하면서 데이터가 손실될 수 있습니다.
C:\Users\zlzlf\OneDrive\바탕 화면\사운드매니저 28기강의\20210615_0\image.cpp(189,28): warning C4267: '초기화 중': 'size_t'에서 'int'(으)로 변환하면서 데이터가 손실될 수 있습니다.
C:\Users\zlzlf\OneDrive\바탕 화면\사운드매니저 28기강의\20210615_0\image.cpp(263,14): warning C4244: '인수': 'float'에서 'int'(으)로 변환하면서 데이터가 손실될 수 있습니다.
C:\Users\zlzlf\OneDrive\바탕 화면\사운드매니저 28기강의\20210615_0\image.cpp(262,14): warning C4244: '인수': 'float'에서 'int'(으)로 변환하면서 데이터가 손실될 수 있습니다.
C:\Users\zlzlf\OneDrive\바탕 화면\사운드매니저 28기강의\20210615_0\image.cpp(279,14): warning C4244: '인수': 'float'에서 'int'(으)로 변환하면서 데이터가 손실될 수 있습니다.
C:\Users\zlzlf\OneDrive\바탕 화면\사운드매니저 28기강의\20210615_0\image.cpp(278,14): warning C4244: '인수': 'float'에서 'int'(으)로 변환하면서 데이터가 손실될 수 있습니다.
C:\Users\zlzlf\OneDrive\바탕 화면\사운드매니저 28기강의\20210615_0\image.cpp(504,34): warning C4244: '인수': 'float'에서 'int'(으)로 변환하면서 데이터가 손실될 수 있습니다.
C:\Users\zlzlf\OneDrive\바탕 화면\사운드매니저 28기강의\20210615_0\image.cpp(504,19): warning C4244: '인수': 'float'에서 'int'(으)로 변환하면서 데이터가 손실될 수 있습니다.
C:\Users\zlzlf\OneDrive\바탕 화면\사운드매니저 28기강의\20210615_0\image.cpp(512,44): warning C4244: '인수': 'float'에서 'int'(으)로 변환하면서 데이터가 손실될 수 있습니다.
C:\Users\zlzlf\OneDrive\바탕 화면\사운드매니저 28기강의\20210615_0\image.cpp(512,29): warning C4244: '인수': 'float'에서 'int'(으)로 변환하면서 데이터가 손실될 수 있습니다.
C:\Users\zlzlf\OneDrive\바탕 화면\사운드매니저 28기강의\20210615_0\image.cpp(517,44): warning C4244: '인수': 'float'에서 'int'(으)로 변환하면서 데이터가 손실될 수 있습니다.
C:\Users\zlzlf\OneDrive\바탕 화면\사운드매니저 28기강의\20210615_0\image.cpp(517,29): warning C4244: '인수': 'float'에서 'int'(으)로 변환하면서 데이터가 손실될 수 있습니다.
  imageManager.cpp
  keyManager.cpp
  minion.cpp
  pixelCollision.cpp
C:\Users\zlzlf\OneDrive\바탕 화면\사운드매니저 28기강의\20210615_0\pixelCollision.cpp(23,27): warning C4244: '인수': 'float'에서 'int'(으)로 변환하면서 데이터가 손실될 수 있습니다.
C:\Users\zlzlf\OneDrive\바탕 화면\사운드매니저 28기강의\20210615_0\pixelCollision.cpp(23,23): warning C4244: '인수': 'float'에서 'int'(으)로 변환하면서 데이터가 손실될 수 있습니다.
C:\Users\zlzlf\OneDrive\바탕 화면\사운드매니저 28기강의\20210615_0\pixelCollision.cpp(25,15): warning C4244: '=': 'float'에서 'int'(으)로 변환하면서 데이터가 손실될 수 있습니다.
C:\Users\zlzlf\OneDrive\바탕 화면\사운드매니저 28기강의\20210615_0\pixelCollision.cpp(42,15): warning C4244: '=': 'float'에서 'int'(으)로 변환하면서 데이터가 손실될 수 있습니다.
C:\Users\zlzlf\OneDrive\바탕 화면\사운드매니저 28기강의\20210615_0\pixelCollision.cpp(46,76): warning C4244: '인수': 'float'에서 'int'(으)로 변환하면서 데이터가 손실될 수 있습니다.
C:\Users\zlzlf\OneDrive\바탕 화면\사운드매니저 28기강의\20210615_0\pixelCollision.cpp(54,11): warning C4244: '=': 'int'에서 'float'(으)로 변환하면서 데이터가 손실될 수 있습니다.
C:\Users\zlzlf\OneDrive\바탕 화면\사운드매니저 28기강의\20210615_0\pixelCollision.cpp(61,27): warning C4244: '인수': 'float'에서 'int'(으)로 변환하면서 데이터가 손실될 수 있습니다.
C:\Users\zlzlf\OneDrive\바탕 화면\사운드매니저 28기강의\20210615_0\pixelCollision.cpp(61,23): warning C4244: '인수': 'float'에서 'int'(으)로 변환하면서 데이터가 손실될 수 있습니다.
  playGround.cpp
  progressBar.cpp
C:\Users\zlzlf\OneDrive\바탕 화면\사운드매니저 28기강의\20210615_0\progressBar.cpp(15,39): warning C4244: '=': 'int'에서 'float'(으)로 변환하면서 데이터가 손실될 수 있습니다.
C:\Users\zlzlf\OneDrive\바탕 화면\사운드매니저 28기강의\20210615_0\progressBar.cpp(42,9): warning C4244: '인수': 'float'에서 'int'(으)로 변환하면서 데이터가 손실될 수 있습니다.
  sceneManager.cpp
  soundManager.cpp
  soundTestScene.cpp
  spaceShip.cpp
C:\Users\zlzlf\OneDrive\바탕 화면\사운드매니저 28기강의\20210615_0\spaceShip.cpp(31,44): warning C4244: '인수': 'float'에서 'int'(으)로 변환하면서 데이터가 손실될 수 있습니다.
C:\Users\zlzlf\OneDrive\바탕 화면\사운드매니저 28기강의\20210615_0\spaceShip.cpp(31,26): warning C4244: '인수': 'float'에서 'int'(으)로 변환하면서 데이터가 손실될 수 있습니다.
C:\Users\zlzlf\OneDrive\바탕 화면\사운드매니저 28기강의\20210615_0\spaceShip.cpp(77,26): warning C4244: '인수': 'float'에서 'int'(으)로 변환하면서 데이터가 손실될 수 있습니다.
C:\Users\zlzlf\OneDrive\바탕 화면\사운드매니저 28기강의\20210615_0\spaceShip.cpp(78,29): warning C4244: '인수': 'float'에서 'int'(으)로 변환하면서 데이터가 손실될 수 있습니다.
C:\Users\zlzlf\OneDrive\바탕 화면\사운드매니저 28기강의\20210615_0\spaceShip.cpp(87,23): warning C4244: '인수': 'float'에서 'int'(으)로 변환하면서 데이터가 손실될 수 있습니다.
C:\Users\zlzlf\OneDrive\바탕 화면\사운드매니저 28기강의\20210615_0\spaceShip.cpp(88,23): warning C4244: '인수': 'float'에서 'int'(으)로 변환하면서 데이터가 손실될 수 있습니다.
C:\Users\zlzlf\OneDrive\바탕 화면\사운드매니저 28기강의\20210615_0\spaceShip.cpp(89,34): warning C4244: '인수': 'float'에서 'int'(으)로 변환하면서 데이터가 손실될 수 있습니다.
C:\Users\zlzlf\OneDrive\바탕 화면\사운드매니저 28기강의\20210615_0\spaceShip.cpp(90,34): warning C4244: '인수': 'float'에서 'int'(으)로 변환하면서 데이터가 손실될 수 있습니다.
C:\Users\zlzlf\OneDrive\바탕 화면\사운드매니저 28기강의\20210615_0\spaceShip.cpp(100,19): warning C4244: '인수': 'int'에서 'float'(으)로 변환하면서 데이터가 손실될 수 있습니다.
C:\Users\zlzlf\OneDrive\바탕 화면\사운드매니저 28기강의\20210615_0\spaceShip.cpp(101,19): warning C4244: '인수': 'int'에서 'float'(으)로 변환하면서 데이터가 손실될 수 있습니다.
C:\Users\zlzlf\OneDrive\바탕 화면\사운드매니저 28기강의\20210615_0\spaceShip.cpp(102,20): warning C4244: '=': 'int'에서 'float'(으)로 변환하면서 데이터가 손실될 수 있습니다.
C:\Users\zlzlf\OneDrive\바탕 화면\사운드매니저 28기강의\20210615_0\spaceShip.cpp(119,59): warning C4244: '인수': 'float'에서 'int'(으)로 변환하면서 데이터가 손실될 수 있습니다.
C:\Users\zlzlf\OneDrive\바탕 화면\사운드매니저 28기강의\20210615_0\spaceShip.cpp(119,44): warning C4244: '인수': 'float'에서 'int'(으)로 변환하면서 데이터가 손실될 수 있습니다.
  timeManager.cpp
C:\Users\zlzlf\OneDrive\바탕 화면\사운드매니저 28기강의\20210615_0\timeManager.cpp(57,39): warning C4267: '인수': 'size_t'에서 'int'(으)로 변환하면서 데이터가 손실될 수 있습니다.
C:\Users\zlzlf\OneDrive\바탕 화면\사운드매니저 28기강의\20210615_0\timeManager.cpp(61,40): warning C4267: '인수': 'size_t'에서 'int'(으)로 변환하면서 데이터가 손실될 수 있습니다.
C:\Users\zlzlf\OneDrive\바탕 화면\사운드매니저 28기강의\20210615_0\timeManager.cpp(65,40): warning C4267: '인수': 'size_t'에서 'int'(으)로 변환하면서 데이터가 손실될 수 있습니다.
  timer.cpp
  코드를 생성하고 있습니다...
  컴파일하고 있습니다...
  txtData.cpp
  utils.cpp
  winMain.cpp
C:\Users\zlzlf\OneDrive\바탕 화면\사운드매니저 28기강의\20210615_0\winMain.cpp(91,16): warning C4244: 'return': 'WPARAM'에서 'int'(으)로 변환하면서 데이터가 손실될 수 있습니다.
  코드를 생성하고 있습니다...
C:\Users\zlzlf\OneDrive\바탕 화면\사운드매니저 28기강의\20210615_0\txtData.cpp(51): warning C4172: 지역 변수 또는 임시: str의 주소를 반환하고 있습니다.
  windowAPI.vcxproj -> C:\Users\zlzlf\OneDrive\바탕 화면\사운드매니저 28기강의\20210615_0\x64\Debug\windowAPI.exe
